<?xml version="1.0" encoding="UTF-8"?>
<!-- Generated by org.testng.reporters.JUnitReportReporter -->
<testsuite hostname="MADDY" failures="0" tests="1" name="TestCases.RetriveQuotationTC_009" time="24.053" errors="0" timestamp="2024-03-15T23:38:50 IST" skipped="0">
  <testcase classname="TestCases.RetriveQuotationTC_009" name="sett" time="24.053"/>
  <system-out/>
</testsuite> <!-- TestCases.RetriveQuotationTC_009 -->
