<?xml version="1.0" encoding="UTF-8"?>
<!-- Generated by org.testng.reporters.JUnitReportReporter -->
<testsuite hostname="MADDY" failures="0" tests="1" name="TestCases.EditProfileTC_007" time="48.990" errors="0" timestamp="2024-03-15T22:30:01 IST" skipped="0">
  <testcase classname="TestCases.EditProfileTC_007" name="user" time="48.990"/>
  <system-out/>
</testsuite> <!-- TestCases.EditProfileTC_007 -->
