<?xml version="1.0" encoding="UTF-8"?>
<!-- Generated by org.testng.reporters.JUnitReportReporter -->
<testsuite hostname="MADDY" failures="0" tests="1" name="TestCases.NegativeTC_002" time="51.433" errors="0" timestamp="2024-03-13T15:49:08 IST" skipped="0">
  <testcase classname="TestCases.NegativeTC_002" name="firstname" time="51.433"/>
  <system-out/>
</testsuite> <!-- TestCases.NegativeTC_002 -->
