<?xml version="1.0" encoding="UTF-8"?>
<!-- Generated by org.testng.reporters.JUnitReportReporter -->
<testsuite hostname="MADDY" failures="0" tests="1" name="TestCases.RequestQuotationTC_005" time="45.054" errors="0" timestamp="2024-03-15T17:53:55 IST" skipped="0">
  <testcase classname="TestCases.RequestQuotationTC_005" name="requset" time="45.054"/>
  <system-out/>
</testsuite> <!-- TestCases.RequestQuotationTC_005 -->
