<?xml version="1.0" encoding="UTF-8"?>
<!-- Generated by org.testng.reporters.JUnitReportReporter -->
<testsuite hostname="MADDY" failures="0" tests="1" name="TestCases.LoginNegativeTC_004" time="9.279" errors="0" timestamp="2024-03-15T16:37:49 IST" skipped="0">
  <testcase classname="TestCases.LoginNegativeTC_004" name="set" time="9.279"/>
  <system-out/>
</testsuite> <!-- TestCases.LoginNegativeTC_004 -->
