<?xml version="1.0" encoding="UTF-8"?>
<!-- Generated by org.testng.reporters.JUnitReportReporter -->
<testsuite hostname="MADDY" failures="0" tests="1" name="TestCases.LoginTC_003" time="21.343" errors="0" timestamp="2024-03-15T23:57:06 IST" skipped="0">
  <testcase classname="TestCases.LoginTC_003" name="setuppage" time="21.343"/>
  <system-out/>
</testsuite> <!-- TestCases.LoginTC_003 -->
