<?xml version="1.0" encoding="UTF-8"?>
<!-- Generated by org.testng.reporters.JUnitReportReporter -->
<testsuite hostname="MADDY" failures="0" tests="1" name="TestCases.NegativeEditProfileTC_008" time="49.870" errors="0" timestamp="2024-03-15T23:17:57 IST" skipped="0">
  <testcase classname="TestCases.NegativeEditProfileTC_008" name="negative" time="49.870"/>
  <system-out/>
</testsuite> <!-- TestCases.NegativeEditProfileTC_008 -->
