<?xml version="1.0" encoding="UTF-8"?>
<!-- Generated by org.testng.reporters.JUnitReportReporter -->
<testsuite hostname="MADDY" failures="0" tests="1" name="TestCases.InsuranceTC_001" time="49.543" errors="0" timestamp="2024-03-13T15:53:20 IST" skipped="0">
  <testcase classname="TestCases.InsuranceTC_001" name="firstname" time="49.543"/>
  <system-out/>
</testsuite> <!-- TestCases.InsuranceTC_001 -->
